android/app/build/intermediates/manifest_merge_blame_file/debug/manifest-merger-blame-debug-report.txt
1<?xml version="1.0" encoding="utf-8"?>
2<manifest xmlns:android="http://schemas.android.com/apk/res/android"
3    package="com.albaraa.voltzy"
4    android:versionCode="1"
5    android:versionName="1.0.0" >
6
7    <uses-sdk
8        android:minSdkVersion="21"
9        android:targetSdkVersion="34" />
10    <!--
11         The INTERNET permission is required for development. Specifically,
12         the Flutter tool needs it to communicate with the running application
13         to allow setting breakpoints, to provide hot reload, etc.
14    -->
15    <uses-permission android:name="android.permission.INTERNET" />
15-->src\debug\AndroidManifest.xml:6:5-66
15-->src\debug\AndroidManifest.xml:6:22-64
16    <!--
17     Required to query activities that can process text, see:
18         https://developer.android.com/training/package-visibility and
19         https://developer.android.com/reference/android/content/Intent#ACTION_PROCESS_TEXT.
20
21         In particular, this is used by the Flutter engine in io.flutter.plugin.text.ProcessTextPlugin.
22    -->
23    <queries>
23-->src\main\AndroidManifest.xml:39:5-44:15
24        <intent>
24-->src\main\AndroidManifest.xml:40:9-43:18
25            <action android:name="android.intent.action.PROCESS_TEXT" />
25-->src\main\AndroidManifest.xml:41:13-72
25-->src\main\AndroidManifest.xml:41:21-70
26
27            <data android:mimeType="text/plain" />
27-->src\main\AndroidManifest.xml:42:13-50
27-->src\main\AndroidManifest.xml:42:19-48
28        </intent>
29    </queries>
30
31    <uses-permission android:name="android.permission.VIBRATE" />
31-->[:flutter_local_notifications] AndroidManifest.xml:7:5-66
31-->[:flutter_local_notifications] AndroidManifest.xml:7:22-63
32    <uses-permission android:name="android.permission.POST_NOTIFICATIONS" />
32-->[:flutter_local_notifications] AndroidManifest.xml:8:5-77
32-->[:flutter_local_notifications] AndroidManifest.xml:8:22-74
33
34    <permission
34-->[androidx.core:core:1.13.1] AndroidManifest.xml:22:5-24:47
35        android:name="com.albaraa.voltzy.DYNAMIC_RECEIVER_NOT_EXPORTED_PERMISSION"
35-->[androidx.core:core:1.13.1] AndroidManifest.xml:23:9-81
36        android:protectionLevel="signature" />
36-->[androidx.core:core:1.13.1] AndroidManifest.xml:24:9-44
37
38    <uses-permission android:name="com.albaraa.voltzy.DYNAMIC_RECEIVER_NOT_EXPORTED_PERMISSION" />
38-->[androidx.core:core:1.13.1] AndroidManifest.xml:26:5-97
38-->[androidx.core:core:1.13.1] AndroidManifest.xml:26:22-94
39
40    <application
40-->src\main\AndroidManifest.xml:2:5-33:19
41        android:name="io.flutter.app.FlutterPlayStoreSplitApplication"
41-->src\main\AndroidManifest.xml:4:9-71
42        android:appComponentFactory="androidx.core.app.CoreComponentFactory"
42-->[androidx.core:core:1.13.1] AndroidManifest.xml:28:18-86
43        android:debuggable="true"
44        android:extractNativeLibs="true"
45        android:icon="@mipmap/ic_launcher"
45-->src\main\AndroidManifest.xml:5:9-43
46        android:label="voltz" >
46-->src\main\AndroidManifest.xml:3:9-30
47        <activity
47-->src\main\AndroidManifest.xml:6:9-27:20
48            android:name="com.albaraa.voltzy.MainActivity"
48-->src\main\AndroidManifest.xml:7:13-41
49            android:configChanges="orientation|keyboardHidden|keyboard|screenSize|smallestScreenSize|locale|layoutDirection|fontScale|screenLayout|density|uiMode"
49-->src\main\AndroidManifest.xml:12:13-163
50            android:exported="true"
50-->src\main\AndroidManifest.xml:8:13-36
51            android:hardwareAccelerated="true"
51-->src\main\AndroidManifest.xml:13:13-47
52            android:launchMode="singleTop"
52-->src\main\AndroidManifest.xml:9:13-43
53            android:taskAffinity=""
53-->src\main\AndroidManifest.xml:10:13-36
54            android:theme="@style/LaunchTheme"
54-->src\main\AndroidManifest.xml:11:13-47
55            android:windowSoftInputMode="adjustResize" >
55-->src\main\AndroidManifest.xml:14:13-55
56
57            <!--
58                 Specifies an Android theme to apply to this Activity as soon as
59                 the Android process has started. This theme is visible to the user
60                 while the Flutter UI initializes. After that, this theme continues
61                 to determine the Window background behind the Flutter UI.
62            -->
63            <meta-data
63-->src\main\AndroidManifest.xml:19:13-22:17
64                android:name="io.flutter.embedding.android.NormalTheme"
64-->src\main\AndroidManifest.xml:20:15-70
65                android:resource="@style/NormalTheme" />
65-->src\main\AndroidManifest.xml:21:15-52
66
67            <intent-filter>
67-->src\main\AndroidManifest.xml:23:13-26:29
68                <action android:name="android.intent.action.MAIN" />
68-->src\main\AndroidManifest.xml:24:17-68
68-->src\main\AndroidManifest.xml:24:25-66
69
70                <category android:name="android.intent.category.LAUNCHER" />
70-->src\main\AndroidManifest.xml:25:17-76
70-->src\main\AndroidManifest.xml:25:27-74
71            </intent-filter>
72        </activity>
73        <!--
74             Don't delete the meta-data below.
75             This is used by the Flutter tool to generate GeneratedPluginRegistrant.java
76        -->
77        <meta-data
77-->src\main\AndroidManifest.xml:30:9-32:33
78            android:name="flutterEmbedding"
78-->src\main\AndroidManifest.xml:31:13-44
79            android:value="2" />
79-->src\main\AndroidManifest.xml:32:13-30
80
81        <provider
81-->[:image_picker_android] AndroidManifest.xml:9:9-17:20
82            android:name="io.flutter.plugins.imagepicker.ImagePickerFileProvider"
82-->[:image_picker_android] AndroidManifest.xml:10:13-82
83            android:authorities="com.albaraa.voltzy.flutter.image_provider"
83-->[:image_picker_android] AndroidManifest.xml:11:13-74
84            android:exported="false"
84-->[:image_picker_android] AndroidManifest.xml:12:13-37
85            android:grantUriPermissions="true" >
85-->[:image_picker_android] AndroidManifest.xml:13:13-47
86            <meta-data
86-->[:image_picker_android] AndroidManifest.xml:14:13-16:75
87                android:name="android.support.FILE_PROVIDER_PATHS"
87-->[:image_picker_android] AndroidManifest.xml:15:17-67
88                android:resource="@xml/flutter_image_picker_file_paths" />
88-->[:image_picker_android] AndroidManifest.xml:16:17-72
89        </provider> <!-- Trigger Google Play services to install the backported photo picker module. -->
90        <service
90-->[:image_picker_android] AndroidManifest.xml:19:9-31:19
91            android:name="com.google.android.gms.metadata.ModuleDependencies"
91-->[:image_picker_android] AndroidManifest.xml:20:13-78
92            android:enabled="false"
92-->[:image_picker_android] AndroidManifest.xml:21:13-36
93            android:exported="false" >
93-->[:image_picker_android] AndroidManifest.xml:22:13-37
94            <intent-filter>
94-->[:image_picker_android] AndroidManifest.xml:24:13-26:29
95                <action android:name="com.google.android.gms.metadata.MODULE_DEPENDENCIES" />
95-->[:image_picker_android] AndroidManifest.xml:25:17-94
95-->[:image_picker_android] AndroidManifest.xml:25:25-91
96            </intent-filter>
97
98            <meta-data
98-->[:image_picker_android] AndroidManifest.xml:28:13-30:36
99                android:name="photopicker_activity:0:required"
99-->[:image_picker_android] AndroidManifest.xml:29:17-63
100                android:value="" />
100-->[:image_picker_android] AndroidManifest.xml:30:17-33
101        </service>
102
103        <activity
103-->[:url_launcher_android] AndroidManifest.xml:8:9-11:74
104            android:name="io.flutter.plugins.urllauncher.WebViewActivity"
104-->[:url_launcher_android] AndroidManifest.xml:9:13-74
105            android:exported="false"
105-->[:url_launcher_android] AndroidManifest.xml:10:13-37
106            android:theme="@android:style/Theme.NoTitleBar.Fullscreen" />
106-->[:url_launcher_android] AndroidManifest.xml:11:13-71
107        <activity
107-->[com.google.android.gms:play-services-base:18.3.0] AndroidManifest.xml:20:9-22:45
108            android:name="com.google.android.gms.common.api.GoogleApiActivity"
108-->[com.google.android.gms:play-services-base:18.3.0] AndroidManifest.xml:20:19-85
109            android:exported="false"
109-->[com.google.android.gms:play-services-base:18.3.0] AndroidManifest.xml:22:19-43
110            android:theme="@android:style/Theme.Translucent.NoTitleBar" />
110-->[com.google.android.gms:play-services-base:18.3.0] AndroidManifest.xml:21:19-78
111
112        <meta-data
112-->[com.google.android.gms:play-services-basement:18.3.0] AndroidManifest.xml:21:9-23:69
113            android:name="com.google.android.gms.version"
113-->[com.google.android.gms:play-services-basement:18.3.0] AndroidManifest.xml:22:13-58
114            android:value="@integer/google_play_services_version" />
114-->[com.google.android.gms:play-services-basement:18.3.0] AndroidManifest.xml:23:13-66
115
116        <uses-library
116-->[androidx.window:window:1.2.0] AndroidManifest.xml:23:9-25:40
117            android:name="androidx.window.extensions"
117-->[androidx.window:window:1.2.0] AndroidManifest.xml:24:13-54
118            android:required="false" />
118-->[androidx.window:window:1.2.0] AndroidManifest.xml:25:13-37
119        <uses-library
119-->[androidx.window:window:1.2.0] AndroidManifest.xml:26:9-28:40
120            android:name="androidx.window.sidecar"
120-->[androidx.window:window:1.2.0] AndroidManifest.xml:27:13-51
121            android:required="false" />
121-->[androidx.window:window:1.2.0] AndroidManifest.xml:28:13-37
122
123        <provider
123-->[androidx.lifecycle:lifecycle-process:2.7.0] AndroidManifest.xml:24:9-32:20
124            android:name="androidx.startup.InitializationProvider"
124-->[androidx.lifecycle:lifecycle-process:2.7.0] AndroidManifest.xml:25:13-67
125            android:authorities="com.albaraa.voltzy.androidx-startup"
125-->[androidx.lifecycle:lifecycle-process:2.7.0] AndroidManifest.xml:26:13-68
126            android:exported="false" >
126-->[androidx.lifecycle:lifecycle-process:2.7.0] AndroidManifest.xml:27:13-37
127            <meta-data
127-->[androidx.lifecycle:lifecycle-process:2.7.0] AndroidManifest.xml:29:13-31:52
128                android:name="androidx.lifecycle.ProcessLifecycleInitializer"
128-->[androidx.lifecycle:lifecycle-process:2.7.0] AndroidManifest.xml:30:17-78
129                android:value="androidx.startup" />
129-->[androidx.lifecycle:lifecycle-process:2.7.0] AndroidManifest.xml:31:17-49
130            <meta-data
130-->[androidx.profileinstaller:profileinstaller:1.3.1] AndroidManifest.xml:29:13-31:52
131                android:name="androidx.profileinstaller.ProfileInstallerInitializer"
131-->[androidx.profileinstaller:profileinstaller:1.3.1] AndroidManifest.xml:30:17-85
132                android:value="androidx.startup" />
132-->[androidx.profileinstaller:profileinstaller:1.3.1] AndroidManifest.xml:31:17-49
133        </provider>
134
135        <receiver
135-->[androidx.profileinstaller:profileinstaller:1.3.1] AndroidManifest.xml:34:9-52:20
136            android:name="androidx.profileinstaller.ProfileInstallReceiver"
136-->[androidx.profileinstaller:profileinstaller:1.3.1] AndroidManifest.xml:35:13-76
137            android:directBootAware="false"
137-->[androidx.profileinstaller:profileinstaller:1.3.1] AndroidManifest.xml:36:13-44
138            android:enabled="true"
138-->[androidx.profileinstaller:profileinstaller:1.3.1] AndroidManifest.xml:37:13-35
139            android:exported="true"
139-->[androidx.profileinstaller:profileinstaller:1.3.1] AndroidManifest.xml:38:13-36
140            android:permission="android.permission.DUMP" >
140-->[androidx.profileinstaller:profileinstaller:1.3.1] AndroidManifest.xml:39:13-57
141            <intent-filter>
141-->[androidx.profileinstaller:profileinstaller:1.3.1] AndroidManifest.xml:40:13-42:29
142                <action android:name="androidx.profileinstaller.action.INSTALL_PROFILE" />
142-->[androidx.profileinstaller:profileinstaller:1.3.1] AndroidManifest.xml:41:17-91
142-->[androidx.profileinstaller:profileinstaller:1.3.1] AndroidManifest.xml:41:25-88
143            </intent-filter>
144            <intent-filter>
144-->[androidx.profileinstaller:profileinstaller:1.3.1] AndroidManifest.xml:43:13-45:29
145                <action android:name="androidx.profileinstaller.action.SKIP_FILE" />
145-->[androidx.profileinstaller:profileinstaller:1.3.1] AndroidManifest.xml:44:17-85
145-->[androidx.profileinstaller:profileinstaller:1.3.1] AndroidManifest.xml:44:25-82
146            </intent-filter>
147            <intent-filter>
147-->[androidx.profileinstaller:profileinstaller:1.3.1] AndroidManifest.xml:46:13-48:29
148                <action android:name="androidx.profileinstaller.action.SAVE_PROFILE" />
148-->[androidx.profileinstaller:profileinstaller:1.3.1] AndroidManifest.xml:47:17-88
148-->[androidx.profileinstaller:profileinstaller:1.3.1] AndroidManifest.xml:47:25-85
149            </intent-filter>
150            <intent-filter>
150-->[androidx.profileinstaller:profileinstaller:1.3.1] AndroidManifest.xml:49:13-51:29
151                <action android:name="androidx.profileinstaller.action.BENCHMARK_OPERATION" />
151-->[androidx.profileinstaller:profileinstaller:1.3.1] AndroidManifest.xml:50:17-95
151-->[androidx.profileinstaller:profileinstaller:1.3.1] AndroidManifest.xml:50:25-92
152            </intent-filter>
153        </receiver> <!-- The activities will be merged into the manifest of the hosting app. -->
154        <activity
154-->[com.google.android.play:core-common:2.0.3] AndroidManifest.xml:14:9-18:65
155            android:name="com.google.android.play.core.common.PlayCoreDialogWrapperActivity"
155-->[com.google.android.play:core-common:2.0.3] AndroidManifest.xml:15:13-93
156            android:exported="false"
156-->[com.google.android.play:core-common:2.0.3] AndroidManifest.xml:16:13-37
157            android:stateNotNeeded="true"
157-->[com.google.android.play:core-common:2.0.3] AndroidManifest.xml:17:13-42
158            android:theme="@style/Theme.PlayCore.Transparent" />
158-->[com.google.android.play:core-common:2.0.3] AndroidManifest.xml:18:13-62
159    </application>
160
161</manifest>